0 info it worked if it ends with ok
1 verbose cli [ 'C:\\Program Files\\nodejs\\node.exe',
1 verbose cli   'C:\\Users\\daniel.worthy\\AppData\\Roaming\\npm\\node_modules\\npm\\bin\\npm-cli.js',
1 verbose cli   'run',
1 verbose cli   'dev' ]
2 info using npm@3.10.9
3 info using node@v8.2.1
4 verbose run-script [ 'predev', 'dev', 'postdev' ]
5 info lifecycle destiny-2-exotic-catalyst@1.0.0~predev: destiny-2-exotic-catalyst@1.0.0
6 silly lifecycle destiny-2-exotic-catalyst@1.0.0~predev: no script for predev, continuing
7 info lifecycle destiny-2-exotic-catalyst@1.0.0~dev: destiny-2-exotic-catalyst@1.0.0
8 verbose lifecycle destiny-2-exotic-catalyst@1.0.0~dev: unsafe-perm in lifecycle true
9 verbose lifecycle destiny-2-exotic-catalyst@1.0.0~dev: PATH: C:\Users\daniel.worthy\AppData\Roaming\npm\node_modules\npm\bin\node-gyp-bin;C:\Dev\PersonalProjects\Destiny-2-Exotic-Catalyst-Browser\node_modules\.bin;c:\program files\graphicsmagick-1.3.27-q16;C:\Program Files\ImageMagick-7.0.7-Q16;C:\Program Files\Docker\Docker\Resources\bin;C:\Program Files (x86)\Razer Chroma SDK\bin;C:\Program Files\Razer Chroma SDK\bin;C:\Program Files (x86)\PHP\v7.0;C:\Program Files (x86)\iis express\PHP\v5.6;C:\ProgramData\Oracle\Java\javapath;C:\tools\ruby23\bin;C:\Program Files (x86)\Intel\iCLS Client\;C:\Program Files\Intel\iCLS Client\;C:\WINDOWS\system32;C:\WINDOWS;C:\WINDOWS\System32\Wbem;C:\WINDOWS\System32\WindowsPowerShell\v1.0\;C:\Program Files (x86)\Intel\Intel(R) Management Engine Components\DAL;C:\Program Files\Intel\Intel(R) Management Engine Components\DAL;C:\Program Files (x86)\Intel\Intel(R) Management Engine Components\IPT;C:\Program Files\Intel\Intel(R) Management Engine Components\IPT;C:\ProgramData\chocolatey\bin;C:\Program Files\Git\cmd;C:\Program Files (x86)\vim\vim74;C:\Python27;C:\Program Files\Microsoft SQL Server\130\Tools\Binn\;C:\Program Files\Microsoft SQL Server\120\Tools\Binn\;C:\Program Files (x86)\Microsoft Emulator Manager\1.0\;C:\Program Files (x86)\Windows Kits\10\Windows Performance Toolkit\;C:\Program Files\Microsoft SQL Server\Client SDK\ODBC\110\Tools\Binn\;C:\Program Files (x86)\Microsoft SQL Serv;C:\Program Files\Microsoft SQL Server\Client SDK\ODBC\130\Tools\Binn\;C:\Program Files\Microsoft SQL Server\130\DTS\Binn\;C:\Program Files\dotnet\;C:\Users\daniel.worthy\AppData\Local\Programs\Python\Python36\Scripts\;C:\Users\daniel.worthy\AppData\Local\Programs\Python\Python36\;C:\Users\daniel.worthy\AppData\Local\Microsoft\WindowsApps;C:\Program Files\kdiff3;C:\Egnyte\Private\daniel.worthy\Apps\sonarlint\bin;C:\Users\daniel.worthy\AppData\Local\Android\sdk\platform-tools;C:\Program Files (x86)\apache-maven-3.3.9\bin;C:\Program Files (x86)\Google\Chrome\Application\;C:\sonar\sonar-scanner\bin;C:\Users\daniel.worthy\AppData\Local\Microsoft\WindowsApps;C:\Users\daniel.worthy\AppData\Roaming\npm;C:\NuGet;C:\Program Files\Microsoft VS Code\bin;C:\Program Files\nodejs;C:\Users\daniel.worthy\AppData\Local\Programs\Python\Python36\Scripts\;C:\Users\daniel.worthy\AppData\Local\Programs\Python\Python36\;C:\tools\ruby23\bin;C:\Users\daniel.worthy\AppData\Local\Microsoft\WindowsApps;C:\Program Files\kdiff3;C:\Egnyte\Private\daniel.worthy\Apps\sonarlint\bin;C:\Users\daniel.worthy\AppData\Local\Android\sdk\platform-tools;C:\Program Files (x86)\apache-maven-3.3.9\bin;C:\Program Files (x86)\Google\Chrome\Application\;C:\sonar\sonar-scanner\bin;C:\Users\daniel.worthy\AppData\Local\Microsoft\WindowsApps;C:\Users\daniel.worthy\AppData\Roaming\npm;C:\NuGet;C:\Program Files\Microsoft VS Code\bin;C:\Program Files\nodejs;;C:\Program Files\Git\usr\bin
10 verbose lifecycle destiny-2-exotic-catalyst@1.0.0~dev: CWD: C:\Dev\PersonalProjects\Destiny-2-Exotic-Catalyst-Browser
11 silly lifecycle destiny-2-exotic-catalyst@1.0.0~dev: Args: [ '/d /s /c', 'webpack-dev-server --open' ]
12 verbose stack Error: kill ENOSYS
12 verbose stack     at exports._errnoException (util.js:1024:11)
12 verbose stack     at process.kill (internal/process.js:183:13)
12 verbose stack     at process.listener (C:\Users\daniel.worthy\AppData\Roaming\npm\node_modules\npm\node_modules\npmlog\node_modules\gauge\node_modules\signal-exit\index.js:86:15)
12 verbose stack     at emitNone (events.js:110:20)
12 verbose stack     at process.emit (events.js:207:7)
12 verbose stack     at processEmit (C:\Users\daniel.worthy\AppData\Roaming\npm\node_modules\npm\node_modules\npmlog\node_modules\gauge\node_modules\signal-exit\index.js:146:32)
12 verbose stack     at processEmit (C:\Users\daniel.worthy\AppData\Roaming\npm\node_modules\npm\node_modules\npm-registry-client\node_modules\npmlog\node_modules\gauge\node_modules\signal-exit\index.js:146:32)
12 verbose stack     at Signal.wrap.onsignal (internal/process.js:209:44)
13 verbose cwd C:\Dev\PersonalProjects\Destiny-2-Exotic-Catalyst-Browser
14 error Windows_NT 10.0.15063
15 error argv "C:\\Program Files\\nodejs\\node.exe" "C:\\Users\\daniel.worthy\\AppData\\Roaming\\npm\\node_modules\\npm\\bin\\npm-cli.js" "run" "dev"
16 error node v8.2.1
17 error npm  v3.10.9
18 error code ENOSYS
19 error errno ENOSYS
20 error syscall kill
21 error kill ENOSYS
22 error If you need help, you may report this error at:
22 error     <https://github.com/npm/npm/issues>
23 verbose exit [ 1, true ]
